%このファイルは日本語文字を含みます.
\BOOKMARK [1][-]{section.1}{1 最近傍決定則による文字認識}{}% 1
\BOOKMARK [2][-]{subsection.1.1}{1.1 実験目的および理論}{section.1}% 2
\BOOKMARK [2][-]{subsection.1.2}{1.2 プログラムの解説}{section.1}% 3
\BOOKMARK [2][-]{subsection.1.3}{1.3 プログラム実行例}{section.1}% 4
\BOOKMARK [2][-]{subsection.1.4}{1.4 識別結果}{section.1}% 5
\BOOKMARK [1][-]{section.2}{2 K近傍決定則による文字認識}{}% 6
\BOOKMARK [2][-]{subsection.2.1}{2.1 実験目的および理論}{section.2}% 7
\BOOKMARK [2][-]{subsection.2.2}{2.2 プログラムの解説}{section.2}% 8
\BOOKMARK [2][-]{subsection.2.3}{2.3 プログラム実行例}{section.2}% 9
\BOOKMARK [2][-]{subsection.2.4}{2.4 識別結果}{section.2}% 10
\BOOKMARK [1][-]{section.3}{3 プロトタイプの最近傍決定則による文字認識}{}% 11
\BOOKMARK [2][-]{subsection.3.1}{3.1 実験目的および理論}{section.3}% 12
\BOOKMARK [2][-]{subsection.3.2}{3.2 プログラムの解説}{section.3}% 13
\BOOKMARK [2][-]{subsection.3.3}{3.3 プログラム実行例}{section.3}% 14
\BOOKMARK [2][-]{subsection.3.4}{3.4 識別結果}{section.3}% 15
\BOOKMARK [1][-]{section.4}{4 考察}{}% 16
\BOOKMARK [2][-]{subsection.4.1}{4.1 プログラムの頑丈性}{section.4}% 17
\BOOKMARK [2][-]{subsection.4.2}{4.2 プログラムの互換性}{section.4}% 18
\BOOKMARK [2][-]{subsection.4.3}{4.3 プログラムの欠点}{section.4}% 19
\BOOKMARK [1][-]{section.5}{5 パターン認識の使用例}{}% 20
\BOOKMARK [2][-]{subsection.5.1}{5.1 音声認識の分野}{section.5}% 21
